<?xml version="1.0" encoding="UTF-8"?>
<testng-results skipped="0" failed="0" ignored="0" total="1" passed="1">
  <reporter-output>
  </reporter-output>
  <suite name="Default suite" duration-ms="29738" started-at="2018-01-18T02:16:27Z" finished-at="2018-01-18T02:16:56Z">
    <groups>
    </groups>
    <test name="Default test" duration-ms="29738" started-at="2018-01-18T02:16:27Z" finished-at="2018-01-18T02:16:56Z">
      <class name="com.test.automation.uiAutomation.homePage.TC002_VerifyRegistration">
        <test-method status="PASS" signature="setup()[pri:0, instance:com.test.automation.uiAutomation.homePage.TC002_VerifyRegistration@3fee9989]" name="setup" is-config="true" duration-ms="20684" started-at="2018-01-18T07:46:27Z" finished-at="2018-01-18T07:46:47Z">
          <reporter-output>
          </reporter-output>
        </test-method> <!-- setup -->
        <test-method status="PASS" signature="VerifyRegistration()[pri:0, instance:com.test.automation.uiAutomation.homePage.TC002_VerifyRegistration@3fee9989]" name="VerifyRegistration" duration-ms="8952" started-at="2018-01-18T07:46:47Z" finished-at="2018-01-18T07:46:56Z">
          <reporter-output>
          </reporter-output>
        </test-method> <!-- VerifyRegistration -->
        <test-method status="PASS" signature="endTest()[pri:0, instance:com.test.automation.uiAutomation.homePage.TC002_VerifyRegistration@3fee9989]" name="endTest" is-config="true" duration-ms="1" started-at="2018-01-18T07:46:56Z" finished-at="2018-01-18T07:46:56Z">
          <reporter-output>
          </reporter-output>
        </test-method> <!-- endTest -->
      </class> <!-- com.test.automation.uiAutomation.homePage.TC002_VerifyRegistration -->
    </test> <!-- Default test -->
  </suite> <!-- Default suite -->
</testng-results>
